<?xml version="1.0" encoding="UTF-8"?>
<testsuite name="UserTest" tests="8" skipped="0" failures="0" errors="0" timestamp="2022-09-14T08:05:02" hostname="DESKTOP-M0V8EDA" time="3.323">
  <properties/>
  <testcase name="getIdWithBadDomain()" classname="UserTest" time="0.802"/>
  <testcase name="testGithubRetreivalWithEmptyObj()" classname="UserTest" time="0.77"/>
  <testcase name="testGithubObjOverwrite()" classname="UserTest" time="0.561"/>
  <testcase name="updateUser()" classname="UserTest" time="0.8"/>
  <testcase name="saveToFreshdeskWithBadEmail()" classname="UserTest" time="0.236"/>
  <testcase name="saveToFreshdeskWithNotNullDates()" classname="UserTest" time="0.0"/>
  <testcase name="saveEmptyToFreshdesk()" classname="UserTest" time="0.001"/>
  <testcase name="getByEmailEmpty()" classname="UserTest" time="0.151"/>
  <system-out><![CDATA[]]></system-out>
  <system-err><![CDATA[]]></system-err>
</testsuite>
